1703742126882|1|statement|connection 44|url jdbc:h2:mem:b4ed7108-6257-4eca-9ae0-55e587e2e158|drop table if exists category cascade |drop table if exists category cascade 
1703742126885|1|statement|connection 44|url jdbc:h2:mem:b4ed7108-6257-4eca-9ae0-55e587e2e158|drop table if exists comment cascade |drop table if exists comment cascade 
1703742126889|2|statement|connection 44|url jdbc:h2:mem:b4ed7108-6257-4eca-9ae0-55e587e2e158|drop table if exists post cascade |drop table if exists post cascade 
1703742126890|0|statement|connection 44|url jdbc:h2:mem:b4ed7108-6257-4eca-9ae0-55e587e2e158|drop sequence if exists category_seq|drop sequence if exists category_seq
1703742126891|0|statement|connection 44|url jdbc:h2:mem:b4ed7108-6257-4eca-9ae0-55e587e2e158|drop sequence if exists comment_seq|drop sequence if exists comment_seq
1703742126894|1|statement|connection 44|url jdbc:h2:mem:b4ed7108-6257-4eca-9ae0-55e587e2e158|drop sequence if exists post_seq|drop sequence if exists post_seq
1703742299826|1|statement|connection 44|url jdbc:h2:mem:0d18dce9-1abf-4780-be2d-9e620f395a0f|drop table if exists category cascade |drop table if exists category cascade 
1703742299829|0|statement|connection 44|url jdbc:h2:mem:0d18dce9-1abf-4780-be2d-9e620f395a0f|drop table if exists comment cascade |drop table if exists comment cascade 
1703742299829|0|statement|connection 44|url jdbc:h2:mem:0d18dce9-1abf-4780-be2d-9e620f395a0f|drop table if exists post cascade |drop table if exists post cascade 
1703742299829|0|statement|connection 44|url jdbc:h2:mem:0d18dce9-1abf-4780-be2d-9e620f395a0f|drop sequence if exists category_seq|drop sequence if exists category_seq
1703742299832|2|statement|connection 44|url jdbc:h2:mem:0d18dce9-1abf-4780-be2d-9e620f395a0f|drop sequence if exists comment_seq|drop sequence if exists comment_seq
1703742299833|0|statement|connection 44|url jdbc:h2:mem:0d18dce9-1abf-4780-be2d-9e620f395a0f|drop sequence if exists post_seq|drop sequence if exists post_seq
1703743138965|0|statement|connection 47|url jdbc:h2:mem:db7cb636-e72f-4305-9b54-e47a15bfb9c1|drop table if exists category cascade |drop table if exists category cascade 
1703743138968|2|statement|connection 47|url jdbc:h2:mem:db7cb636-e72f-4305-9b54-e47a15bfb9c1|drop table if exists comment cascade |drop table if exists comment cascade 
1703743138973|3|statement|connection 47|url jdbc:h2:mem:db7cb636-e72f-4305-9b54-e47a15bfb9c1|drop table if exists post cascade |drop table if exists post cascade 
1703743138973|0|statement|connection 47|url jdbc:h2:mem:db7cb636-e72f-4305-9b54-e47a15bfb9c1|drop sequence if exists category_seq|drop sequence if exists category_seq
1703743138974|0|statement|connection 47|url jdbc:h2:mem:db7cb636-e72f-4305-9b54-e47a15bfb9c1|drop sequence if exists comment_seq|drop sequence if exists comment_seq
1703743138974|0|statement|connection 47|url jdbc:h2:mem:db7cb636-e72f-4305-9b54-e47a15bfb9c1|drop sequence if exists post_seq|drop sequence if exists post_seq
1703743158827|0|statement|connection 47|url jdbc:h2:mem:ab22bbf3-5dd5-4b94-8a32-0a176fcd98fe|drop table if exists category cascade |drop table if exists category cascade 
1703743158828|0|statement|connection 47|url jdbc:h2:mem:ab22bbf3-5dd5-4b94-8a32-0a176fcd98fe|drop table if exists comment cascade |drop table if exists comment cascade 
1703743158830|1|statement|connection 47|url jdbc:h2:mem:ab22bbf3-5dd5-4b94-8a32-0a176fcd98fe|drop table if exists post cascade |drop table if exists post cascade 
1703743158830|0|statement|connection 47|url jdbc:h2:mem:ab22bbf3-5dd5-4b94-8a32-0a176fcd98fe|drop sequence if exists category_seq|drop sequence if exists category_seq
1703743158831|0|statement|connection 47|url jdbc:h2:mem:ab22bbf3-5dd5-4b94-8a32-0a176fcd98fe|drop sequence if exists comment_seq|drop sequence if exists comment_seq
1703743158831|0|statement|connection 47|url jdbc:h2:mem:ab22bbf3-5dd5-4b94-8a32-0a176fcd98fe|drop sequence if exists post_seq|drop sequence if exists post_seq
1703744841137|0|statement|connection 52|url jdbc:h2:mem:1723911c-8090-4af3-a18f-ed5361fd2d4e|drop table if exists category cascade |drop table if exists category cascade 
1703744841139|0|statement|connection 52|url jdbc:h2:mem:1723911c-8090-4af3-a18f-ed5361fd2d4e|drop table if exists comment cascade |drop table if exists comment cascade 
1703744841139|0|statement|connection 52|url jdbc:h2:mem:1723911c-8090-4af3-a18f-ed5361fd2d4e|drop table if exists post cascade |drop table if exists post cascade 
1703744841140|0|statement|connection 52|url jdbc:h2:mem:1723911c-8090-4af3-a18f-ed5361fd2d4e|drop sequence if exists category_seq|drop sequence if exists category_seq
1703744841140|0|statement|connection 52|url jdbc:h2:mem:1723911c-8090-4af3-a18f-ed5361fd2d4e|drop sequence if exists comment_seq|drop sequence if exists comment_seq
1703744841141|0|statement|connection 52|url jdbc:h2:mem:1723911c-8090-4af3-a18f-ed5361fd2d4e|drop sequence if exists post_seq|drop sequence if exists post_seq
1703744892124|0|statement|connection 52|url jdbc:h2:mem:0029c5c3-9ece-4e48-b4a0-60c0c2745942|drop table if exists category cascade |drop table if exists category cascade 
1703744892126|0|statement|connection 52|url jdbc:h2:mem:0029c5c3-9ece-4e48-b4a0-60c0c2745942|drop table if exists comment cascade |drop table if exists comment cascade 
1703744892129|2|statement|connection 52|url jdbc:h2:mem:0029c5c3-9ece-4e48-b4a0-60c0c2745942|drop table if exists post cascade |drop table if exists post cascade 
1703744892129|0|statement|connection 52|url jdbc:h2:mem:0029c5c3-9ece-4e48-b4a0-60c0c2745942|drop sequence if exists category_seq|drop sequence if exists category_seq
1703744892130|0|statement|connection 52|url jdbc:h2:mem:0029c5c3-9ece-4e48-b4a0-60c0c2745942|drop sequence if exists comment_seq|drop sequence if exists comment_seq
1703744892131|0|statement|connection 52|url jdbc:h2:mem:0029c5c3-9ece-4e48-b4a0-60c0c2745942|drop sequence if exists post_seq|drop sequence if exists post_seq
1703770724751|0|statement|connection 52|url jdbc:h2:mem:f0d0c477-4d93-4812-916e-45fd0c3c20cb|drop table if exists category cascade |drop table if exists category cascade 
1703770724752|0|statement|connection 52|url jdbc:h2:mem:f0d0c477-4d93-4812-916e-45fd0c3c20cb|drop table if exists comment cascade |drop table if exists comment cascade 
1703770724752|0|statement|connection 52|url jdbc:h2:mem:f0d0c477-4d93-4812-916e-45fd0c3c20cb|drop table if exists post cascade |drop table if exists post cascade 
1703770724753|0|statement|connection 52|url jdbc:h2:mem:f0d0c477-4d93-4812-916e-45fd0c3c20cb|drop sequence if exists category_seq|drop sequence if exists category_seq
1703770724753|0|statement|connection 52|url jdbc:h2:mem:f0d0c477-4d93-4812-916e-45fd0c3c20cb|drop sequence if exists comment_seq|drop sequence if exists comment_seq
1703770724753|0|statement|connection 52|url jdbc:h2:mem:f0d0c477-4d93-4812-916e-45fd0c3c20cb|drop sequence if exists post_seq|drop sequence if exists post_seq
1703770768673|0|statement|connection 52|url jdbc:h2:mem:a4115361-c114-4196-875f-e53e72a51be2|drop table if exists category cascade |drop table if exists category cascade 
1703770768676|1|statement|connection 52|url jdbc:h2:mem:a4115361-c114-4196-875f-e53e72a51be2|drop table if exists comment cascade |drop table if exists comment cascade 
1703770768677|0|statement|connection 52|url jdbc:h2:mem:a4115361-c114-4196-875f-e53e72a51be2|drop table if exists post cascade |drop table if exists post cascade 
1703770768677|0|statement|connection 52|url jdbc:h2:mem:a4115361-c114-4196-875f-e53e72a51be2|drop sequence if exists category_seq|drop sequence if exists category_seq
1703770768678|0|statement|connection 52|url jdbc:h2:mem:a4115361-c114-4196-875f-e53e72a51be2|drop sequence if exists comment_seq|drop sequence if exists comment_seq
1703770768678|0|statement|connection 52|url jdbc:h2:mem:a4115361-c114-4196-875f-e53e72a51be2|drop sequence if exists post_seq|drop sequence if exists post_seq
1703770859605|0|statement|connection 52|url jdbc:h2:mem:1de9c1b0-eca6-4245-acd5-572c6d188359|drop table if exists category cascade |drop table if exists category cascade 
1703770859607|0|statement|connection 52|url jdbc:h2:mem:1de9c1b0-eca6-4245-acd5-572c6d188359|drop table if exists comment cascade |drop table if exists comment cascade 
1703770859608|0|statement|connection 52|url jdbc:h2:mem:1de9c1b0-eca6-4245-acd5-572c6d188359|drop table if exists post cascade |drop table if exists post cascade 
1703770859608|0|statement|connection 52|url jdbc:h2:mem:1de9c1b0-eca6-4245-acd5-572c6d188359|drop sequence if exists category_seq|drop sequence if exists category_seq
1703770859608|0|statement|connection 52|url jdbc:h2:mem:1de9c1b0-eca6-4245-acd5-572c6d188359|drop sequence if exists comment_seq|drop sequence if exists comment_seq
1703770859609|0|statement|connection 52|url jdbc:h2:mem:1de9c1b0-eca6-4245-acd5-572c6d188359|drop sequence if exists post_seq|drop sequence if exists post_seq
1703771138374|0|statement|connection 52|url jdbc:h2:mem:05bf81d7-155e-4a4b-b38a-f8b58858028c|drop table if exists category cascade |drop table if exists category cascade 
1703771138375|0|statement|connection 52|url jdbc:h2:mem:05bf81d7-155e-4a4b-b38a-f8b58858028c|drop table if exists comment cascade |drop table if exists comment cascade 
1703771138375|0|statement|connection 52|url jdbc:h2:mem:05bf81d7-155e-4a4b-b38a-f8b58858028c|drop table if exists post cascade |drop table if exists post cascade 
1703771138375|0|statement|connection 52|url jdbc:h2:mem:05bf81d7-155e-4a4b-b38a-f8b58858028c|drop sequence if exists category_seq|drop sequence if exists category_seq
1703771138376|0|statement|connection 52|url jdbc:h2:mem:05bf81d7-155e-4a4b-b38a-f8b58858028c|drop sequence if exists comment_seq|drop sequence if exists comment_seq
1703771138376|0|statement|connection 52|url jdbc:h2:mem:05bf81d7-155e-4a4b-b38a-f8b58858028c|drop sequence if exists post_seq|drop sequence if exists post_seq
1703771233793|0|statement|connection 52|url jdbc:h2:mem:c3355dc2-ae31-4903-b810-8e390580b6c5|drop table if exists category cascade |drop table if exists category cascade 
1703771233794|0|statement|connection 52|url jdbc:h2:mem:c3355dc2-ae31-4903-b810-8e390580b6c5|drop table if exists comment cascade |drop table if exists comment cascade 
1703771233794|0|statement|connection 52|url jdbc:h2:mem:c3355dc2-ae31-4903-b810-8e390580b6c5|drop table if exists post cascade |drop table if exists post cascade 
1703771233794|0|statement|connection 52|url jdbc:h2:mem:c3355dc2-ae31-4903-b810-8e390580b6c5|drop sequence if exists category_seq|drop sequence if exists category_seq
1703771233795|0|statement|connection 52|url jdbc:h2:mem:c3355dc2-ae31-4903-b810-8e390580b6c5|drop sequence if exists comment_seq|drop sequence if exists comment_seq
1703771233795|0|statement|connection 52|url jdbc:h2:mem:c3355dc2-ae31-4903-b810-8e390580b6c5|drop sequence if exists post_seq|drop sequence if exists post_seq
1703771480260|1|statement|connection 52|url jdbc:h2:mem:2324dfce-8151-4bf4-9647-458f94e3b5b8|drop table if exists category cascade |drop table if exists category cascade 
1703771480261|0|statement|connection 52|url jdbc:h2:mem:2324dfce-8151-4bf4-9647-458f94e3b5b8|drop table if exists comment cascade |drop table if exists comment cascade 
1703771480263|1|statement|connection 52|url jdbc:h2:mem:2324dfce-8151-4bf4-9647-458f94e3b5b8|drop table if exists post cascade |drop table if exists post cascade 
1703771480264|0|statement|connection 52|url jdbc:h2:mem:2324dfce-8151-4bf4-9647-458f94e3b5b8|drop sequence if exists category_seq|drop sequence if exists category_seq
1703771480264|0|statement|connection 52|url jdbc:h2:mem:2324dfce-8151-4bf4-9647-458f94e3b5b8|drop sequence if exists comment_seq|drop sequence if exists comment_seq
1703771480265|0|statement|connection 52|url jdbc:h2:mem:2324dfce-8151-4bf4-9647-458f94e3b5b8|drop sequence if exists post_seq|drop sequence if exists post_seq
1703771540975|0|statement|connection 52|url jdbc:h2:mem:3394bfd9-665d-4daf-a69e-efa25ab18efa|drop table if exists category cascade |drop table if exists category cascade 
1703771540976|0|statement|connection 52|url jdbc:h2:mem:3394bfd9-665d-4daf-a69e-efa25ab18efa|drop table if exists comment cascade |drop table if exists comment cascade 
1703771540977|0|statement|connection 52|url jdbc:h2:mem:3394bfd9-665d-4daf-a69e-efa25ab18efa|drop table if exists post cascade |drop table if exists post cascade 
1703771540977|0|statement|connection 52|url jdbc:h2:mem:3394bfd9-665d-4daf-a69e-efa25ab18efa|drop sequence if exists category_seq|drop sequence if exists category_seq
1703771540977|0|statement|connection 52|url jdbc:h2:mem:3394bfd9-665d-4daf-a69e-efa25ab18efa|drop sequence if exists comment_seq|drop sequence if exists comment_seq
1703771540978|0|statement|connection 52|url jdbc:h2:mem:3394bfd9-665d-4daf-a69e-efa25ab18efa|drop sequence if exists post_seq|drop sequence if exists post_seq
